# JRE version: Java(TM) SE Runtime Environment (8.0_65-b17) (build 1.8.0_65-b17)
# Java VM: Java HotSpot(TM) 64-Bit Server VM (25.65-b01 mixed mode windows-amd64 compressed oops)
Heap:
 PSYoungGen      total 203264K, used 174834K [0x00000000eab00000, 0x00000000f8380000, 0x0000000100000000)
  eden space 186880K, 93% used [0x00000000eab00000,0x00000000f55bc8a0,0x00000000f6180000)
  from space 16384K, 0% used [0x00000000f7380000,0x00000000f7380000,0x00000000f8380000)
  to   space 17408K, 0% used [0x00000000f6180000,0x00000000f6180000,0x00000000f7280000)
 ParOldGen       total 111104K, used 33683K [0x00000000c0000000, 0x00000000c6c80000, 0x00000000eab00000)
  object space 111104K, 30% used [0x00000000c0000000,0x00000000c20e4e08,0x00000000c6c80000)
 Metaspace       used 56240K, capacity 60448K, committed 60800K, reserved 1101824K
  class space    used 7223K, capacity 7704K, committed 7808K, reserved 1048576K
GC Heap History (10 events):
Event: 10258.500 GC heap before
{Heap before GC invocations=38 (full 11):
 PSYoungGen      total 193536K, used 983K [0x00000000eab00000, 0x00000000f8c00000, 0x0000000100000000)
  eden space 192512K, 0% used [0x00000000eab00000,0x00000000eab00000,0x00000000f6700000)
  from space 1024K, 96% used [0x00000000f6700000,0x00000000f67f5e60,0x00000000f6800000)
  to   space 18944K, 0% used [0x00000000f7980000,0x00000000f7980000,0x00000000f8c00000)
 ParOldGen       total 111104K, used 34480K [0x00000000c0000000, 0x00000000c6c80000, 0x00000000eab00000)
  object space 111104K, 31% used [0x00000000c0000000,0x00000000c21ac1a0,0x00000000c6c80000)
 Metaspace       used 55411K, capacity 58874K, committed 59392K, reserved 1101824K
  class space    used 7109K, capacity 7526K, committed 7680K, reserved 1048576K
Event: 10258.584 GC heap after
Heap after GC invocations=38 (full 11):
 PSYoungGen      total 193536K, used 0K [0x00000000eab00000, 0x00000000f8c00000, 0x0000000100000000)
  eden space 192512K, 0% used [0x00000000eab00000,0x00000000eab00000,0x00000000f6700000)
  from space 1024K, 0% used [0x00000000f6700000,0x00000000f6700000,0x00000000f6800000)
  to   space 18944K, 0% used [0x00000000f7980000,0x00000000f7980000,0x00000000f8c00000)
 ParOldGen       total 111104K, used 29315K [0x00000000c0000000, 0x00000000c6c80000, 0x00000000eab00000)
  object space 111104K, 26% used [0x00000000c0000000,0x00000000c1ca0f30,0x00000000c6c80000)
 Metaspace       used 55151K, capacity 58450K, committed 59392K, reserved 1101824K
  class space    used 7058K, capacity 7444K, committed 7680K, reserved 1048576K
}
Event: 10334.743 GC heap before
{Heap before GC invocations=39 (full 11):
 PSYoungGen      total 193536K, used 192512K [0x00000000eab00000, 0x00000000f8c00000, 0x0000000100000000)
  eden space 192512K, 100% used [0x00000000eab00000,0x00000000f6700000,0x00000000f6700000)
  from space 1024K, 0% used [0x00000000f6700000,0x00000000f6700000,0x00000000f6800000)
  to   space 18944K, 0% used [0x00000000f7980000,0x00000000f7980000,0x00000000f8c00000)
 ParOldGen       total 111104K, used 29315K [0x00000000c0000000, 0x00000000c6c80000, 0x00000000eab00000)
  object space 111104K, 26% used [0x00000000c0000000,0x00000000c1ca0f30,0x00000000c6c80000)
 Metaspace       used 55512K, capacity 58950K, committed 59392K, reserved 1101824K
  class space    used 7112K, capacity 7522K, committed 7680K, reserved 1048576K
Event: 10334.750 GC heap after
Heap after GC invocations=39 (full 11):
 PSYoungGen      total 212480K, used 6599K [0x00000000eab00000, 0x00000000f8d80000, 0x0000000100000000)
  eden space 193536K, 0% used [0x00000000eab00000,0x00000000eab00000,0x00000000f6800000)
  from space 18944K, 34% used [0x00000000f7980000,0x00000000f7ff1e30,0x00000000f8c00000)
  to   space 17920K, 0% used [0x00000000f6800000,0x00000000f6800000,0x00000000f7980000)
 ParOldGen       total 111104K, used 29323K [0x00000000c0000000, 0x00000000c6c80000, 0x00000000eab00000)
  object space 111104K, 26% used [0x00000000c0000000,0x00000000c1ca2f30,0x00000000c6c80000)
 Metaspace       used 55512K, capacity 58950K, committed 59392K, reserved 1101824K
  class space    used 7112K, capacity 7522K, committed 7680K, reserved 1048576K
}
Event: 10500.928 GC heap before
{Heap before GC invocations=40 (full 11):
 PSYoungGen      total 212480K, used 200135K [0x00000000eab00000, 0x00000000f8d80000, 0x0000000100000000)
  eden space 193536K, 100% used [0x00000000eab00000,0x00000000f6800000,0x00000000f6800000)
  from space 18944K, 34% used [0x00000000f7980000,0x00000000f7ff1e30,0x00000000f8c00000)
  to   space 17920K, 0% used [0x00000000f6800000,0x00000000f6800000,0x00000000f7980000)
 ParOldGen       total 111104K, used 29323K [0x00000000c0000000, 0x00000000c6c80000, 0x00000000eab00000)
  object space 111104K, 26% used [0x00000000c0000000,0x00000000c1ca2f30,0x00000000c6c80000)
 Metaspace       used 55841K, capacity 59462K, committed 59648K, reserved 1101824K
  class space    used 7151K, capacity 7580K, committed 7680K, reserved 1048576K
Event: 10500.937 GC heap after
Heap after GC invocations=40 (full 11):
 PSYoungGen      total 197632K, used 10413K [0x00000000eab00000, 0x00000000f8580000, 0x0000000100000000)
  eden space 186880K, 0% used [0x00000000eab00000,0x00000000eab00000,0x00000000f6180000)
  from space 10752K, 96% used [0x00000000f6800000,0x00000000f722b6c8,0x00000000f7280000)
  to   space 18432K, 0% used [0x00000000f7380000,0x00000000f7380000,0x00000000f8580000)
 ParOldGen       total 111104K, used 29331K [0x00000000c0000000, 0x00000000c6c80000, 0x00000000eab00000)
  object space 111104K, 26% used [0x00000000c0000000,0x00000000c1ca4f30,0x00000000c6c80000)
 Metaspace       used 55841K, capacity 59462K, committed 59648K, reserved 1101824K
  class space    used 7151K, capacity 7580K, committed 7680K, reserved 1048576K
}
Event: 10502.773 GC heap before
{Heap before GC invocations=41 (full 11):
 PSYoungGen      total 197632K, used 58691K [0x00000000eab00000, 0x00000000f8580000, 0x0000000100000000)
  eden space 186880K, 25% used [0x00000000eab00000,0x00000000eda255f0,0x00000000f6180000)
  from space 10752K, 96% used [0x00000000f6800000,0x00000000f722b6c8,0x00000000f7280000)
  to   space 18432K, 0% used [0x00000000f7380000,0x00000000f7380000,0x00000000f8580000)
 ParOldGen       total 111104K, used 29331K [0x00000000c0000000, 0x00000000c6c80000, 0x00000000eab00000)
  object space 111104K, 26% used [0x00000000c0000000,0x00000000c1ca4f30,0x00000000c6c80000)
 Metaspace       used 55865K, capacity 59532K, committed 59904K, reserved 1101824K
  class space    used 7152K, capacity 7581K, committed 7680K, reserved 1048576K
Event: 10502.777 GC heap after
Heap after GC invocations=41 (full 11):
 PSYoungGen      total 203264K, used 5479K [0x00000000eab00000, 0x00000000f8380000, 0x0000000100000000)
  eden space 186880K, 0% used [0x00000000eab00000,0x00000000eab00000,0x00000000f6180000)
  from space 16384K, 33% used [0x00000000f7380000,0x00000000f78d9e50,0x00000000f8380000)
  to   space 17408K, 0% used [0x00000000f6180000,0x00000000f6180000,0x00000000f7280000)
 ParOldGen       total 111104K, used 29339K [0x00000000c0000000, 0x00000000c6c80000, 0x00000000eab00000)
  object space 111104K, 26% used [0x00000000c0000000,0x00000000c1ca6f30,0x00000000c6c80000)
 Metaspace       used 55865K, capacity 59532K, committed 59904K, reserved 1101824K
  class space    used 7152K, capacity 7581K, committed 7680K, reserved 1048576K
}
Event: 10502.777 GC heap before
{Heap before GC invocations=42 (full 12):
 PSYoungGen      total 203264K, used 5479K [0x00000000eab00000, 0x00000000f8380000, 0x0000000100000000)
  eden space 186880K, 0% used [0x00000000eab00000,0x00000000eab00000,0x00000000f6180000)
  from space 16384K, 33% used [0x00000000f7380000,0x00000000f78d9e50,0x00000000f8380000)
  to   space 17408K, 0% used [0x00000000f6180000,0x00000000f6180000,0x00000000f7280000)
 ParOldGen       total 111104K, used 29339K [0x00000000c0000000, 0x00000000c6c80000, 0x00000000eab00000)
  object space 111104K, 26% used [0x00000000c0000000,0x00000000c1ca6f30,0x00000000c6c80000)
 Metaspace       used 55865K, capacity 59532K, committed 59904K, reserved 1101824K
  class space    used 7152K, capacity 7581K, committed 7680K, reserved 1048576K
Event: 10502.898 GC heap after
Heap after GC invocations=42 (full 12):
 PSYoungGen      total 203264K, used 0K [0x00000000eab00000, 0x00000000f8380000, 0x0000000100000000)
  eden space 186880K, 0% used [0x00000000eab00000,0x00000000eab00000,0x00000000f6180000)
  from space 16384K, 0% used [0x00000000f7380000,0x00000000f7380000,0x00000000f8380000)
  to   space 17408K, 0% used [0x00000000f6180000,0x00000000f6180000,0x00000000f7280000)
 ParOldGen       total 111104K, used 33683K [0x00000000c0000000, 0x00000000c6c80000, 0x00000000eab00000)
  object space 111104K, 30% used [0x00000000c0000000,0x00000000c20e4e08,0x00000000c6c80000)
 Metaspace       used 55809K, capacity 59466K, committed 59904K, reserved 1101824K
  class space    used 7134K, capacity 7563K, committed 7680K, reserved 1048576K
}

